<?xml version="1.0" encoding="UTF-8"?>
<!-- Generated by org.testng.reporters.JUnitReportReporter -->
<testsuite skipped="0" hostname="DESKTOP-R4R7OSC" name="testNgEx2.CustomerManagerEx2" tests="3" failures="0" timestamp="2022-05-19T20:59:00 IST" time="0.009" errors="0">
  <testcase name="createCust2" time="0.006" classname="testNgEx2.CustomerManagerEx2"/>
  <system-out/>
  <testcase name="updateCust2" time="0.001" classname="testNgEx2.CustomerManagerEx2"/>
  <system-out/>
  <testcase name="deleteCust2" time="0.002" classname="testNgEx2.CustomerManagerEx2"/>
  <system-out/>
</testsuite> <!-- testNgEx2.CustomerManagerEx2 -->
