<?xml version="1.0" encoding="UTF-8"?>
<!-- Generated by org.testng.reporters.JUnitReportReporter -->
<testsuite skipped="0" hostname="DESKTOP-R4R7OSC" name="testNgEx1.Ex2" tests="2" failures="0" timestamp="2022-05-19T13:56:42 IST" time="0.008" errors="0">
  <testcase name="testMethod3" time="0.001" classname="testNgEx1.Ex2"/>
  <system-out/>
  <testcase name="testMethod1" time="0.007" classname="testNgEx1.Ex2"/>
  <system-out/>
</testsuite> <!-- testNgEx1.Ex2 -->
