<?xml version="1.0" encoding="UTF-8"?>
<!-- Generated by org.testng.reporters.JUnitReportReporter -->
<testsuite skipped="0" hostname="DESKTOP-R4R7OSC" name="testNgEx2.AccountManagerEx1" tests="3" failures="0" timestamp="2022-05-20T18:03:42 IST" time="0.005" errors="0">
  <testcase name="deleteAccount" time="0.002" classname="testNgEx2.AccountManagerEx1"/>
  <system-out/>
  <testcase name="createAccount" time="0.002" classname="testNgEx2.AccountManagerEx1"/>
  <system-out/>
  <testcase name="updateAccount" time="0.001" classname="testNgEx2.AccountManagerEx1"/>
  <system-out/>
</testsuite> <!-- testNgEx2.AccountManagerEx1 -->
