<?xml version="1.0" encoding="UTF-8"?>
<!-- Generated by org.testng.reporters.JUnitReportReporter -->
<testsuite skipped="0" hostname="DESKTOP-R4R7OSC" name="testNgEx2.CustomerManagerEx1" tests="3" failures="0" timestamp="2022-05-20T18:03:42 IST" time="0.012" errors="0">
  <testcase name="deleteCust" time="0.002" classname="testNgEx2.CustomerManagerEx1"/>
  <system-out/>
  <testcase name="createCust" time="0.006" classname="testNgEx2.CustomerManagerEx1"/>
  <system-out/>
  <testcase name="updateCust" time="0.004" classname="testNgEx2.CustomerManagerEx1"/>
  <system-out/>
</testsuite> <!-- testNgEx2.CustomerManagerEx1 -->
