<?xml version="1.0" encoding="UTF-8"?>
<!-- Generated by org.testng.reporters.JUnitReportReporter -->
<testsuite skipped="0" hostname="DESKTOP-R4R7OSC" name="org.pomTestCases.LoginTestCases" tests="2" failures="0" timestamp="2022-05-28T00:11:10 IST" time="10.709" errors="0">
  <testcase name="verifyLoginPage" time="5.326" classname="org.pomTestCases.LoginTestCases"/>
  <system-out/>
  <testcase name="login" time="5.383" classname="org.pomTestCases.LoginTestCases"/>
  <system-out/>
</testsuite> <!-- org.pomTestCases.LoginTestCases -->
