<?xml version="1.0" encoding="UTF-8"?>
<!-- Generated by org.testng.reporters.JUnitReportReporter -->
<testsuite skipped="0" hostname="DESKTOP-R4R7OSC" name="testNgEx1.AnnotatioEx1" tests="1" failures="0" timestamp="2022-05-20T17:52:16 IST" time="0.007" errors="0">
  <testcase name="test1" time="0.007" classname="testNgEx1.AnnotatioEx1"/>
  <system-out/>
</testsuite> <!-- testNgEx1.AnnotatioEx1 -->
