<?xml version="1.0" encoding="UTF-8"?>
<!-- Generated by org.testng.reporters.JUnitReportReporter -->
<testsuite skipped="0" hostname="DESKTOP-R4R7OSC" name="testNgEx1.AnnotatioEx3" tests="2" failures="0" timestamp="2022-05-19T18:51:49 IST" time="0.010" errors="0">
  <testcase name="test2" time="0.002" classname="testNgEx1.AnnotatioEx3"/>
  <system-out/>
  <testcase name="test1" time="0.008" classname="testNgEx1.AnnotatioEx3"/>
  <system-out/>
</testsuite> <!-- testNgEx1.AnnotatioEx3 -->
