<?xml version="1.0" encoding="UTF-8"?>
<!-- Generated by org.testng.reporters.JUnitReportReporter -->
<testsuite skipped="0" hostname="DESKTOP-R4R7OSC" name="testNgEx3.ParameterEx1" tests="5" failures="0" timestamp="2022-05-20T13:33:20 IST" time="0.012" errors="0">
  <testcase name="updateCust" time="0.001" classname="testNgEx3.ParameterEx1"/>
  <system-out/>
  <testcase name="login" time="0.001" classname="testNgEx3.ParameterEx1"/>
  <system-out/>
  <testcase name="logout" time="0.002" classname="testNgEx3.ParameterEx1"/>
  <system-out/>
  <testcase name="deletCust" time="0.001" classname="testNgEx3.ParameterEx1"/>
  <system-out/>
  <testcase name="createCust" time="0.007" classname="testNgEx3.ParameterEx1"/>
  <system-out/>
</testsuite> <!-- testNgEx3.ParameterEx1 -->
