<?xml version="1.0" encoding="UTF-8"?>
<!-- Generated by org.testng.reporters.JUnitReportReporter -->
<testsuite skipped="0" hostname="DESKTOP-R4R7OSC" name="testNgEx1.Ex1" tests="1" failures="0" timestamp="2022-05-19T13:25:22 IST" time="0.008" errors="0">
  <testcase name="testMethod" time="0.008" classname="testNgEx1.Ex1"/>
  <system-out/>
</testsuite> <!-- testNgEx1.Ex1 -->
