<?xml version="1.0" encoding="UTF-8"?>
<!-- Generated by org.testng.reporters.JUnitReportReporter -->
<testsuite skipped="0" hostname="DESKTOP-R4R7OSC" name="testNgEx1.AnnotatioEx2" tests="2" failures="0" timestamp="2022-05-20T17:52:48 IST" time="0.007" errors="0">
  <testcase name="test2" time="0.001" classname="testNgEx1.AnnotatioEx2"/>
  <system-out/>
  <testcase name="test1" time="0.006" classname="testNgEx1.AnnotatioEx2"/>
  <system-out/>
</testsuite> <!-- testNgEx1.AnnotatioEx2 -->
