<?xml version="1.0" encoding="UTF-8"?>
<!-- Generated by org.testng.reporters.JUnitReportReporter -->
<testsuite skipped="3" hostname="DESKTOP-R4R7OSC" name="testNgEx3.ParameterEx2" tests="5" failures="0" timestamp="2022-05-20T13:43:32 IST" time="0.010" errors="0">
  <testcase name="logout" time="0.001" classname="testNgEx3.ParameterEx2"/>
  <system-out/>
  <testcase name="login" time="0.009" classname="testNgEx3.ParameterEx2"/>
  <system-out/>
  <testcase name="updateCust" classname="testNgEx3.ParameterEx2">
    <skipped/>
  </testcase> <!-- updateCust -->
  <system-out/>
  <testcase name="createCust" classname="testNgEx3.ParameterEx2">
    <skipped/>
  </testcase> <!-- createCust -->
  <system-out/>
  <testcase name="deletCust" classname="testNgEx3.ParameterEx2">
    <skipped/>
  </testcase> <!-- deletCust -->
  <system-out/>
</testsuite> <!-- testNgEx3.ParameterEx2 -->
