<?xml version="1.0" encoding="UTF-8"?>
<!-- Generated by org.testng.reporters.JUnitReportReporter -->
<testsuite skipped="0" hostname="DESKTOP-R4R7OSC" name="testNgEx1.PriorityEx6" tests="6" failures="0" timestamp="2022-05-19T15:02:35 IST" time="0.017" errors="0">
  <testcase name="updateCustomer" time="0.008" classname="testNgEx1.PriorityEx6"/>
  <system-out/>
  <testcase name="UpdateCustomer" time="0.002" classname="testNgEx1.PriorityEx6"/>
  <system-out/>
  <testcase name="CreateCustomer" time="0.002" classname="testNgEx1.PriorityEx6"/>
  <system-out/>
  <testcase name="createCustomer" time="0.001" classname="testNgEx1.PriorityEx6"/>
  <system-out/>
  <testcase name="logoutCustomer" time="0.002" classname="testNgEx1.PriorityEx6"/>
  <system-out/>
  <testcase name="loginCustomer" time="0.002" classname="testNgEx1.PriorityEx6"/>
  <system-out/>
</testsuite> <!-- testNgEx1.PriorityEx6 -->
