<?xml version="1.0" encoding="UTF-8"?>
<!-- Generated by org.testng.reporters.JUnitReportReporter -->
<testsuite skipped="0" hostname="DESKTOP-R4R7OSC" name="testNgEx2.CustomerManagerEx3" tests="3" failures="0" timestamp="2022-05-20T16:19:52 IST" time="0.012" errors="0">
  <testcase name="deleteCust2" time="0.001" classname="testNgEx2.CustomerManagerEx3"/>
  <system-out/>
  <testcase name="updateCust2" time="0.002" classname="testNgEx2.CustomerManagerEx3"/>
  <system-out/>
  <testcase name="createCust2" time="0.009" classname="testNgEx2.CustomerManagerEx3"/>
  <system-out/>
</testsuite> <!-- testNgEx2.CustomerManagerEx3 -->
