<?xml version="1.0" encoding="UTF-8"?>
<!-- Generated by org.testng.reporters.JUnitReportReporter -->
<testsuite skipped="0" hostname="DESKTOP-R4R7OSC" name="testNgEx1.Ex5" tests="6" failures="0" timestamp="2022-05-19T14:51:52 IST" time="0.013" errors="0">
  <testcase name="logoutCustomer" time="0.001" classname="testNgEx1.Ex5"/>
  <system-out/>
  <testcase name="createCustomer" time="0.001" classname="testNgEx1.Ex5"/>
  <system-out/>
  <testcase name="loginCustomer" time="0.001" classname="testNgEx1.Ex5"/>
  <system-out/>
  <testcase name="UpdateCustomer" time="0.002" classname="testNgEx1.Ex5"/>
  <system-out/>
  <testcase name="updateCustomer" time="0.001" classname="testNgEx1.Ex5"/>
  <system-out/>
  <testcase name="CreateCustomer" time="0.007" classname="testNgEx1.Ex5"/>
  <system-out/>
</testsuite> <!-- testNgEx1.Ex5 -->
