<?xml version="1.0" encoding="UTF-8"?>
<!-- Generated by org.testng.reporters.JUnitReportReporter -->
<testsuite skipped="0" hostname="DESKTOP-R4R7OSC" name="org.basicprograms.AnnotatioEx1" tests="1" failures="0" timestamp="2022-05-19T18:47:34 IST" time="0.006" errors="0">
  <testcase name="test1" time="0.006" classname="org.basicprograms.AnnotatioEx1"/>
  <system-out/>
</testsuite> <!-- org.basicprograms.AnnotatioEx1 -->
